<?xml version="1.0" encoding="UTF-8"?>
<!-- Generated by org.testng.reporters.JUnitXMLReporter -->
<testsuite hostname="DESKTOP-V89NTNP" ignored="0" name="Test" tests="4" failures="0" timestamp="2023-06-03T19:54:03 IST" time="23.06" errors="0">
  <testcase name="testTwo" time="0.006" classname="tests.TwoTest"/>
  <testcase name="testThree" time="0.001" classname="tests.ThreeTest"/>
  <testcase name="login" time="1.02" classname="tests.LoginTest"/>
  <testcase name="login" time="15.735" classname="tests.LoginTest"/>
</testsuite> <!-- Test -->
